Info 0    [16:49:25.086] Starting TS Server
Info 1    [16:49:25.086] Version: 4.1.3
Info 2    [16:49:25.086] Arguments: /home/lesliebinbin/.nvm/versions/node/v14.15.4/bin/node /home/lesliebinbin/.nvm/versions/node/v14.15.4/bin/tsserver --logFile /mnt/another-disk/cs_courses/rails-project/twitter-like-app/.log/tsserver.log --logVerbosity info --cancellationPipeName /tmp/dbeec537eaf5abcc64de5a0d7aa23035/tscancellation*
Info 3    [16:49:25.086] Platform: linux NodeVersion: 14 CaseSensitive: true
Info 4    [16:49:25.086] ServerMode: undefined syntaxOnly: false hasUnknownServerMode: undefined
Info 5    [16:49:25.182] Search path: /mnt/another-disk/cs_courses/rails-project/twitter-like-app/app/javascript/controllers
Info 6    [16:49:25.183] For info: /mnt/another-disk/cs_courses/rails-project/twitter-like-app/app/javascript/controllers/index.js :: No config files found.
Info 7    [16:49:25.188] Starting updateGraphWorker: Project: /dev/null/inferredProject1*
Info 8    [16:49:27.538] Finishing updateGraphWorker: Project: /dev/null/inferredProject1* Version: 1 structureChanged: true Elapsed: 2349.6616070000455ms
Info 9    [16:49:27.538] Project '/dev/null/inferredProject1*' (Inferred)
Info 10   [16:49:27.538] 	Files (179)

Info 11   [16:49:27.538] -----------------------------------------------
Info 12   [16:49:28.019] Starting updateGraphWorker: Project: /dev/null/inferredProject1*
Info 13   [16:49:28.136] Finishing updateGraphWorker: Project: /dev/null/inferredProject1* Version: 2 structureChanged: true Elapsed: 116.65525900013745ms
Info 14   [16:49:28.136] Different program with same set of files:: structureIsReused:: 1
Info 15   [16:49:29.682] Search path: /mnt/another-disk/cs_courses/rails-project/twitter-like-app/app/javascript/channels
Info 16   [16:49:29.683] For info: /mnt/another-disk/cs_courses/rails-project/twitter-like-app/app/javascript/channels/consumer.js :: No config files found.
Info 17   [16:49:30.268] Before ensureProjectForOpenFiles:
Info 18   [16:49:30.268] After ensureProjectForOpenFiles:
Info 19   [16:49:30.269] got projects updated in background, updating diagnostics for /mnt/another-disk/cs_courses/rails-project/twitter-like-app/app/javascript/controllers/index.js,/mnt/another-disk/cs_courses/rails-project/twitter-like-app/app/javascript/channels/consumer.js
Info 20   [16:51:42.994] Starting updateGraphWorker: Project: /dev/null/inferredProject2*
Info 21   [16:51:43.087] Finishing updateGraphWorker: Project: /dev/null/inferredProject2* Version: 1 structureChanged: true Elapsed: 92.16798099991865ms
Info 22   [16:51:43.087] Project '/dev/null/inferredProject2*' (Inferred)
Info 23   [16:51:43.087] 	Files (132)

Info 24   [16:51:43.087] -----------------------------------------------
Info 25   [16:51:43.104] Starting updateGraphWorker: Project: /dev/null/autoImportProviderProject1*
Info 26   [16:51:43.135] Finishing updateGraphWorker: Project: /dev/null/autoImportProviderProject1* Version: 1 structureChanged: true Elapsed: 30.109285000013188ms
Info 27   [16:51:43.135] Project '/dev/null/autoImportProviderProject1*' (AutoImportProvider)
Info 28   [16:51:43.135] 	Files (32)

Info 29   [16:51:43.135] -----------------------------------------------
Info 30   [16:51:43.225] Starting updateGraphWorker: Project: /dev/null/inferredProject2*
Info 31   [16:51:43.309] Finishing updateGraphWorker: Project: /dev/null/inferredProject2* Version: 2 structureChanged: true Elapsed: 84.38102800003253ms
Info 32   [16:51:43.309] Different program with same set of files:: structureIsReused:: 1
Info 33   [16:51:45.694] Before ensureProjectForOpenFiles:
Info 34   [16:51:45.694] Starting updateGraphWorker: Project: /dev/null/inferredProject1*
Info 35   [16:51:45.701] Finishing updateGraphWorker: Project: /dev/null/inferredProject1* Version: 3 structureChanged: true Elapsed: 6.769808000186458ms
Info 36   [16:51:45.701] Project '/dev/null/inferredProject1*' (Inferred)
Info 37   [16:51:45.701] 	Files (0)

Info 38   [16:51:45.701] -----------------------------------------------
Info 39   [16:51:45.702] Starting updateGraphWorker: Project: /dev/null/inferredProject2*
Info 40   [16:51:45.704] Finishing updateGraphWorker: Project: /dev/null/inferredProject2* Version: 3 structureChanged: true Elapsed: 2.366561000002548ms
Info 41   [16:51:45.704] Project '/dev/null/inferredProject2*' (Inferred)
Info 42   [16:51:45.704] 	Files (0)

Info 43   [16:51:45.704] -----------------------------------------------
Info 44   [16:51:45.704] Project '/dev/null/autoImportProviderProject1*' (AutoImportProvider)
Info 45   [16:51:45.704] 	Files (32)

Info 46   [16:51:45.704] -----------------------------------------------
Info 47   [16:51:45.704] After ensureProjectForOpenFiles:
Info 48   [16:51:45.704] got projects updated in background, updating diagnostics for 
Info 49   [16:51:46.057] Starting updateGraphWorker: Project: /dev/null/inferredProject1*
Info 50   [16:51:46.057] Finishing updateGraphWorker: Project: /dev/null/inferredProject1* Version: 4 structureChanged: false Elapsed: 0.5137509999331087ms
Info 51   [16:51:46.058] Starting updateGraphWorker: Project: /dev/null/inferredProject2*
Info 52   [16:51:46.058] Finishing updateGraphWorker: Project: /dev/null/inferredProject2* Version: 4 structureChanged: false Elapsed: 0.16818300005979836ms
Info 53   [16:51:48.308] Before ensureProjectForOpenFiles:
Info 54   [16:51:48.308] After ensureProjectForOpenFiles:
Info 55   [16:51:48.309] got projects updated in background, updating diagnostics for 
Info 56   [16:54:52.778] Search path: /mnt/another-disk/cs_courses/rails-project/twitter-like-app/app/javascript/controllers
Info 57   [16:54:52.778] For info: /mnt/another-disk/cs_courses/rails-project/twitter-like-app/app/javascript/controllers/index.js :: No config files found.
Info 58   [16:54:52.778] Starting updateGraphWorker: Project: /dev/null/inferredProject1*
Info 59   [16:54:52.950] Finishing updateGraphWorker: Project: /dev/null/inferredProject1* Version: 5 structureChanged: true Elapsed: 171.96226199995726ms
Info 60   [16:54:52.950] Project '/dev/null/inferredProject1*' (Inferred)
Info 61   [16:54:52.950] 	Files (179)

Info 62   [16:54:52.950] -----------------------------------------------
Info 63   [16:54:52.952] `remove Project::
Info 64   [16:54:52.952] Project '/dev/null/inferredProject2*' (Inferred)
Info 65   [16:54:52.952] 	Files (0)

Info 66   [16:54:52.952] -----------------------------------------------
Info 67   [16:54:52.952] Project '/dev/null/autoImportProviderProject1*' (AutoImportProvider)
Info 68   [16:54:52.952] 	Files (32)

Info 69   [16:54:52.952] -----------------------------------------------
Info 70   [16:54:53.172] Starting updateGraphWorker: Project: /dev/null/inferredProject1*
Info 71   [16:54:53.233] Finishing updateGraphWorker: Project: /dev/null/inferredProject1* Version: 6 structureChanged: true Elapsed: 60.929306000005454ms
Info 72   [16:54:53.234] Different program with same set of files:: structureIsReused:: 1
Info 73   [16:54:55.606] Before ensureProjectForOpenFiles:
Info 74   [16:54:55.607] After ensureProjectForOpenFiles:
Info 75   [16:54:55.607] got projects updated in background, updating diagnostics for /mnt/another-disk/cs_courses/rails-project/twitter-like-app/app/javascript/controllers/index.js
